2023-10-07 16:52:21,659 - API - INFO - Beginning API function get all categories
2023-10-07 16:52:21,661 - API - ERROR - Error with API function get all categories with error: No categories found, please try again!
2023-10-07 16:52:41,518 - API - INFO - Beginning API function create category with name: new category
2023-10-07 16:52:41,524 - API - INFO - Finishing API function create category with result: {'categoryId': 1, 'categoryName': 'new category'}
2023-10-07 16:53:32,971 - API - INFO - Beginning API function get all categories
2023-10-07 16:53:32,974 - API - INFO - Finishing API function get all categories with categories: <generator object get_all_categories.<locals>.<genexpr> at 0x108137370>
2023-10-07 17:14:29,414 - API - INFO - Beginning API function update category with data: {'categoryId': 1, 'categoryName': 'updated name'}
2023-10-07 17:14:29,426 - API - INFO - Finishing API function update category with result: {'categoryId': 1, 'categoryName': 'updated name'}
2023-10-07 17:21:13,006 - API - INFO - Beginning API function update category with data: {'categoryId': 1, 'categoryName': 'updated name'}
2023-10-07 17:21:13,007 - API - INFO - Finishing API function update category with result: {'categoryId': 1, 'categoryName': 'updated name'}
2023-10-07 17:21:15,180 - API - INFO - Beginning API function update category with data: {'categoryId': 1, 'categoryName': 'updated name'}
2023-10-07 17:21:15,181 - API - INFO - Finishing API function update category with result: {'categoryId': 1, 'categoryName': 'updated name'}
2023-10-07 17:21:23,979 - API - INFO - Beginning API function update category with data: {'categoryId': 1, 'categoryName': 'updated name'}
2023-10-07 17:21:23,983 - API - INFO - Finishing API function update category with result: {'categoryId': 1, 'categoryName': 'updated name'}
2023-10-07 17:23:41,437 - API - INFO - Beginning API function update category with data: {'categoryId': 1, 'categoryName': ''}
2023-10-07 17:23:41,439 - API - ERROR - Error with API function update category with error: Nothing changed, please try again!
2023-10-07 17:23:58,227 - API - INFO - Beginning API function update category with data: {'categoryId': 1, 'categoryName': 'updated name'}
2023-10-07 17:23:58,228 - API - INFO - Finishing API function update category with result: {'categoryId': 1, 'categoryName': 'updated name'}
2023-10-07 17:24:03,485 - API - INFO - Beginning API function update category with data: {'categoryId': 1, 'categoryName': 'updated name'}
2023-10-07 17:24:03,486 - API - INFO - Finishing API function update category with result: {'categoryId': 1, 'categoryName': 'updated name'}
2023-10-07 17:24:15,331 - API - INFO - Beginning API function update category with data: {'categoryId': 1, 'categoryName': ''}
2023-10-07 17:24:15,332 - API - ERROR - Error with API function update category with error: Nothing changed, please try again!
2023-10-07 17:28:57,103 - API - INFO - Beginning API function update category with data: {'categoryId': 1, 'categoryName': 'updated name'}
2023-10-07 17:28:57,108 - API - INFO - Finishing API function update category with result: {'categoryId': 1, 'categoryName': 'updated name'}
2023-10-07 17:29:02,450 - API - INFO - Beginning API function update category with data: {'categoryId': 1, 'categoryName': 'updated name'}
2023-10-07 17:29:02,451 - API - INFO - Finishing API function update category with result: {'categoryId': 1, 'categoryName': 'updated name'}
2023-10-07 17:29:05,291 - API - INFO - Beginning API function update category with data: {'categoryId': 1, 'categoryName': ''}
2023-10-07 17:29:05,291 - API - ERROR - Error with API function update category with error: The category name field cannot be left empty, please try again!
2023-10-07 17:35:37,892 - API - INFO - Beginning API function update category with data: {'categoryId': 1, 'categoryName': 5}
2023-10-07 17:35:37,894 - API - ERROR - Error with API function update category with error: The category name field must be a string, please try again!
2023-10-07 18:33:44,089 - API - INFO - Beginning API function update category with data: {'categoryId': -48975370, 'categoryName': 'test'}
2023-10-07 18:33:44,093 - API - ERROR - Error with API function update category with error: Category not found, please try again!
2023-10-07 18:37:15,389 - API - INFO - Beginning API function get all categories
2023-10-07 18:37:15,390 - API - ERROR - Error with API function get all categories with error: No categories found, please try again!
2023-10-07 18:37:23,856 - API - INFO - Beginning API function create category with name: new category
2023-10-07 18:37:23,860 - API - INFO - Finishing API function create category with result: {'categoryId': 1, 'categoryName': 'new category'}
2023-10-07 18:37:27,366 - API - INFO - Beginning API function get all categories
2023-10-07 18:37:27,368 - API - INFO - Finishing API function get all categories with categories: <generator object get_all_categories.<locals>.<genexpr> at 0x10486f5e0>
2023-10-07 18:37:35,297 - API - INFO - Beginning API function update category with data: {'categoryId': 1, 'categoryName': 'new category'}
2023-10-07 18:37:35,298 - API - ERROR - Error with API function update category with error: A category with this name already exists, please try again!
2023-10-07 18:42:15,749 - API - INFO - Beginning API function delete category with category ID: 1
2023-10-07 18:42:15,754 - API - INFO - Finishing API function delete category
2023-10-07 18:43:11,107 - API - INFO - Beginning API function delete category with category ID: 
2023-10-07 18:43:11,108 - API - ERROR - Error with API function delete category with error: The category ID field must be an integer, please try again!
2023-10-07 18:44:09,350 - API - INFO - Beginning API function delete category with category ID: -408537395348
2023-10-07 18:44:09,352 - API - ERROR - Error with API function delete category with error: Category not found, please try again!
2023-10-07 19:13:11,890 - API - INFO - Beginning API function create deposit with data: {'categoryId': 1, 'date': '2023-10-07', 'description': 'test', 'amount': 5.0}
2023-10-07 19:13:11,891 - API - ERROR - Error with API function create deposit with error: The amount field must be a float, please try again!
2023-10-07 19:13:32,900 - API - INFO - Beginning API function create deposit with data: {'categoryId': 1, 'date': '2023-10-07', 'description': 'test', 'amount': 5.0}
2023-10-07 19:13:32,900 - API - ERROR - Error with API function create deposit with error: The amount field must be a float, please try again!
2023-10-07 19:16:27,488 - API - INFO - Beginning API function create deposit with data: {'categoryId': 1, 'date': '2023-10-07', 'description': 'test', 'amount': 5.0}
2023-10-07 19:16:27,494 - API - ERROR - Error with API function create deposit with error: Category not found, please try again!
2023-10-07 19:16:30,407 - API - INFO - Beginning API function create deposit with data: {'categoryId': 1, 'date': '2023-10-07', 'description': 'test', 'amount': 5.0}
2023-10-07 19:16:30,408 - API - ERROR - Error with API function create deposit with error: Category not found, please try again!
2023-10-07 19:17:19,067 - API - INFO - Beginning API function create category with name: new category
2023-10-07 19:17:19,072 - API - INFO - Finishing API function create category with result: {'categoryId': 1, 'categoryName': 'new category'}
2023-10-07 19:17:23,036 - API - INFO - Beginning API function create deposit with data: {'categoryId': 1, 'date': '2023-10-07', 'description': 'test', 'amount': 5.0}
2023-10-07 19:17:23,041 - API - INFO - Finishing API function create deposit with result: {'depositId': 1, 'categoryId': 1, 'date': '2023-10-07', 'description': 'test', 'amount': 5.0}
2023-10-07 19:19:53,965 - API - INFO - Beginning API function create deposit with data: {'categoryId': '', 'date': '2023-10-07', 'description': 'test', 'amount': 5.0}
2023-10-07 19:19:53,965 - API - ERROR - Error with API function create deposit with error: The category ID field must be an integer, please try again!
2023-10-07 19:27:47,720 - API - INFO - Beginning API function create deposit with data: {'categoryId': 1, 'date': 7, 'description': 'test', 'amount': 5.0}
2023-10-07 19:27:47,720 - API - ERROR - Error with API function create deposit with error: The date field must be a string, please try again!
2023-10-07 19:27:56,128 - API - INFO - Beginning API function create deposit with data: {'categoryId': 1, 'date': '2023-10-07', 'description': 7, 'amount': 5.0}
2023-10-07 19:27:56,128 - API - ERROR - Error with API function create deposit with error: The description field must be a string, please try again!
2023-10-07 19:28:04,776 - API - INFO - Beginning API function create deposit with data: {'categoryId': 1, 'date': '', 'description': 'test', 'amount': 5.0}
2023-10-07 19:28:04,778 - API - ERROR - Error with API function create deposit with error: The date field cannot be left empty, please try again!
2023-10-07 19:28:12,763 - API - INFO - Beginning API function create deposit with data: {'categoryId': 1, 'date': '2023-10-07', 'description': '', 'amount': 5.0}
2023-10-07 19:28:12,763 - API - ERROR - Error with API function create deposit with error: The description field cannot be left empty, please try again!
2023-10-07 19:28:19,755 - API - INFO - Beginning API function create deposit with data: {'categoryId': 1, 'date': '2023-10-07', 'description': 'test', 'amount': -5.0}
2023-10-07 19:28:19,755 - API - ERROR - Error with API function create deposit with error: The amount field must be positive and cannot be 0.00, please try again!
2023-10-07 19:33:14,590 - API - INFO - Beginning API function create deposit with data: {'categoryId': -42796941, 'date': '2023-10-07', 'description': 'test', 'amount': 5.0}
2023-10-07 19:33:14,595 - API - ERROR - Error with API function create deposit with error: Category not found, please try again!
2023-10-07 19:41:26,226 - API - INFO - Beginning API function create deposit with data: {'categoryId': 1, 'date': '2023-10-07', 'description': 'test', 'amount': 5.0}
2023-10-07 19:41:26,230 - API - INFO - Finishing API function create deposit with result: {'depositId': 2, 'categoryId': 1, 'date': '2023-10-07', 'description': 'test', 'amount': 5.0}
2023-10-07 19:41:28,382 - API - INFO - Beginning API function create deposit with data: {'categoryId': 1, 'date': '2023-10-07', 'description': 'test', 'amount': 5.0}
2023-10-07 19:41:28,386 - API - INFO - Finishing API function create deposit with result: {'depositId': 3, 'categoryId': 1, 'date': '2023-10-07', 'description': 'test', 'amount': 5.0}
2023-10-07 19:41:29,702 - API - INFO - Beginning API function create deposit with data: {'categoryId': 1, 'date': '2023-10-07', 'description': 'test', 'amount': 5.0}
2023-10-07 19:41:29,709 - API - INFO - Finishing API function create deposit with result: {'depositId': 4, 'categoryId': 1, 'date': '2023-10-07', 'description': 'test', 'amount': 5.0}
2023-10-07 19:41:35,859 - API - INFO - Beginning API function create deposit with data: {'categoryId': 1, 'date': '2023-10-07', 'description': 'test', 'amount': 5.0}
2023-10-07 19:41:35,864 - API - INFO - Finishing API function create deposit with result: {'depositId': 5, 'categoryId': 1, 'date': '2023-10-07', 'description': 'test', 'amount': 5.0}
2023-10-07 19:41:39,163 - API - INFO - Beginning API function create deposit with data: {'categoryId': 1, 'date': '2023-10-07', 'description': 'test', 'amount': 5.0}
2023-10-07 19:41:39,168 - API - INFO - Finishing API function create deposit with result: {'depositId': 6, 'categoryId': 1, 'date': '2023-10-07', 'description': 'test', 'amount': 5.0}
2023-10-07 19:43:25,025 - API - INFO - Beginning API function create deposit with data: {'categoryId': 1, 'date': '2023-10-07', 'description': 'test', 'amount': 5.0}
2023-10-07 19:43:25,030 - API - INFO - Finishing API function create deposit with result: {'depositId': 7, 'categoryId': 1, 'date': '2023-10-07', 'description': 'test', 'amount': 5.0}
2023-10-07 19:43:26,414 - API - INFO - Beginning API function create deposit with data: {'categoryId': 1, 'date': '2023-10-07', 'description': 'test', 'amount': 5.0}
2023-10-07 19:43:26,420 - API - INFO - Finishing API function create deposit with result: {'depositId': 8, 'categoryId': 1, 'date': '2023-10-07', 'description': 'test', 'amount': 5.0}
2023-10-08 20:07:43,068 - API - INFO - Beginning API function get all deposits
2023-10-08 20:07:43,077 - API - ERROR - Error with API function get all deposits with error: No deposits found, please try again!
2023-10-08 20:08:30,844 - API - INFO - Beginning API function get all deposits
2023-10-08 20:08:30,847 - API - ERROR - Error with API function get all deposits with error: No deposits found, please try again!
2023-10-08 20:08:36,499 - API - INFO - Beginning API function create deposit with data: {'categoryId': 1, 'date': '2023-10-07', 'description': 'test', 'amount': 5.0}
2023-10-08 20:08:36,500 - API - ERROR - Error with API function create deposit with error: Category not found, please try again!
2023-10-08 20:08:41,116 - API - INFO - Beginning API function create deposit with data: {'categoryId': 1, 'date': '2023-10-07', 'description': 'test', 'amount': 5.0}
2023-10-08 20:08:41,117 - API - ERROR - Error with API function create deposit with error: Category not found, please try again!
2023-10-08 20:08:50,262 - API - INFO - Beginning API function create category with name: new category
2023-10-08 20:08:50,265 - API - INFO - Finishing API function create category with result: {'categoryId': 1, 'categoryName': 'new category'}
2023-10-08 20:08:54,439 - API - INFO - Beginning API function create deposit with data: {'categoryId': 1, 'date': '2023-10-07', 'description': 'test', 'amount': 5.0}
2023-10-08 20:08:54,443 - API - INFO - Finishing API function create deposit with result: {'depositId': 1, 'categoryId': 1, 'date': '2023-10-07', 'description': 'test', 'amount': 5.0}
2023-10-08 20:08:58,357 - API - INFO - Beginning API function get all deposits
2023-10-08 20:08:58,359 - API - INFO - Finishing API function get all deposits with deposits: <generator object get_all_deposits.<locals>.<genexpr> at 0x10ad53d30>
2023-10-08 20:32:32,102 - API - INFO - Beginning API function delete deposit with deposit ID: 1
2023-10-08 20:32:32,112 - API - INFO - Finishing API function delete deposit
2023-10-08 20:33:46,120 - API - INFO - Beginning API function delete deposit with deposit ID: 
2023-10-08 20:33:46,121 - API - ERROR - Error with API function delete deposit with error: The deposit ID field must be an integer, please try again!
2023-10-08 20:34:45,506 - API - INFO - Beginning API function delete deposit with deposit ID: -7598462983
2023-10-08 20:34:45,508 - API - ERROR - Error with API function delete deposit with error: Deposit not found, please try again!
2023-10-09 22:06:10,167 - API - INFO - Beginning API function create category with name: new category
2023-10-09 22:06:10,172 - API - ERROR - Error with API function create category with error: A category with this name already exists, please try again!
2023-10-09 22:08:21,361 - API - INFO - Beginning API function update deposit with data: {'depositId': 1, 'categoryId': 1, 'date': '1997-9-27', 'description': 'updated description', 'amount': 50.0}
2023-10-09 22:08:21,364 - API - ERROR - Error with API function update deposit with error: Deposit not found, please try again!
2023-10-09 22:08:30,662 - API - INFO - Beginning API function create deposit with data: {'categoryId': 1, 'date': '2023-10-07', 'description': 'test', 'amount': 5.0}
2023-10-09 22:08:30,668 - API - INFO - Finishing API function create deposit with result: {'depositId': 2, 'categoryId': 1, 'date': '2023-10-07', 'description': 'test', 'amount': 5.0}
2023-10-09 22:08:35,225 - API - INFO - Beginning API function update deposit with data: {'depositId': 1, 'categoryId': 1, 'date': '1997-9-27', 'description': 'updated description', 'amount': 50.0}
2023-10-09 22:08:35,228 - API - ERROR - Error with API function update deposit with error: Deposit not found, please try again!
2023-10-09 22:08:47,877 - API - INFO - Beginning API function update deposit with data: {'depositId': 1, 'categoryId': 1, 'date': '1997-9-27', 'description': 'updated description', 'amount': 50.0}
2023-10-09 22:08:47,880 - API - ERROR - Error with API function update deposit with error: Deposit not found, please try again!
2023-10-09 22:14:00,627 - API - INFO - Beginning API function update deposit with data: {'depositId': 1, 'categoryId': 1, 'date': '1997-9-27', 'description': 'updated description', 'amount': 50.0}
2023-10-09 22:14:00,629 - API - ERROR - Error with API function update deposit with error: Deposit not found, please try again!
2023-10-11 17:04:26,689 - API - INFO - Beginning API function get all expenses
2023-10-11 17:04:26,770 - API - ERROR - Error with API function get all expenses with error: No expenses found, please try again!
2023-10-11 17:21:13,508 - API - INFO - Beginning API function delete expense with expense ID: -737856942094
2023-10-11 17:21:13,579 - API - ERROR - Error with API function delete expense with error: Expense not found, please try again!
2023-10-11 17:21:31,292 - API - INFO - Beginning API function delete expense with expense ID: -737856942094
2023-10-11 17:21:31,294 - API - ERROR - Error with API function delete expense with error: The expense ID field must be an integer, please try again!
2023-10-11 17:22:24,485 - API - INFO - Beginning API function create expense with data: {'categoryId': 1, 'date': '2023-10-07', 'description': 'test', 'amount': 5.0}
2023-10-11 17:22:24,534 - API - ERROR - Error with API function create expense with error: Category not found, please try again!
2023-10-11 17:22:30,541 - API - INFO - Beginning API function create category with name: new category
2023-10-11 17:22:30,590 - API - INFO - Finishing API function create category with result: {'categoryId': 2, 'categoryName': 'new category'}
2023-10-11 17:22:56,707 - API - INFO - Beginning API function create category with name: new category
2023-10-11 17:22:56,765 - API - INFO - Finishing API function create category with result: {'categoryId': 1, 'categoryName': 'new category'}
2023-10-11 17:23:12,186 - API - INFO - Beginning API function create expense with data: {'categoryId': 1, 'date': '2023-10-07', 'description': 'test', 'amount': 5.0}
2023-10-11 17:23:12,310 - API - INFO - Finishing API function create expense with result: {'expenseId': 1, 'categoryId': 1, 'date': '2023-10-07', 'description': 'test', 'amount': 5.0}
2023-10-11 17:23:19,203 - API - INFO - Beginning API function get all expenses
2023-10-11 17:23:19,229 - API - INFO - Finishing API function get all expenses with expenses: <generator object get_all_expenses.<locals>.<genexpr> at 0x10b42fc60>
2023-10-11 17:23:54,037 - API - INFO - Beginning API function update expense with data: {'expenseId': 1, 'categoryId': 1, 'date': '2021-11-06', 'description': 'updated', 'amount': 51.01}
2023-10-11 17:23:54,128 - API - INFO - Finishing API function update expense with result: {'expenseId': 1, 'categoryId': 1, 'date': '2021-11-06', 'description': 'updated', 'amount': 51.01}
2023-10-11 17:26:19,827 - API - INFO - Beginning API function create expense with data: {'categoryId': '', 'date': '2023-10-07', 'description': 'test', 'amount': 5.0}
2023-10-11 17:26:19,829 - API - ERROR - Error with API function create expense with error: The category ID field must be an integer, please try again!
2023-10-11 17:26:36,495 - API - INFO - Beginning API function create expense with data: {'categoryId': 1, 'date': 2, 'description': 'test', 'amount': 5.0}
2023-10-11 17:26:36,496 - API - ERROR - Error with API function create expense with error: The date field must be a string, please try again!
2023-10-11 17:26:55,976 - API - INFO - Beginning API function create expense with data: {'categoryId': 1, 'date': '2023-10-07', 'description': 5, 'amount': 5.0}
2023-10-11 17:26:55,978 - API - ERROR - Error with API function create expense with error: The description field must be a string, please try again!
2023-10-11 17:27:05,962 - API - INFO - Beginning API function create expense with data: {'categoryId': 1, 'date': '', 'description': 'test', 'amount': 5.0}
2023-10-11 17:27:05,963 - API - ERROR - Error with API function create expense with error: The date field cannot be left empty, please try again!
2023-10-11 17:27:17,393 - API - INFO - Beginning API function create expense with data: {'categoryId': 1, 'date': '2023-10-07', 'description': '', 'amount': 5.0}
2023-10-11 17:27:17,395 - API - ERROR - Error with API function create expense with error: The description field cannot be left empty, please try again!
2023-10-11 17:27:32,979 - API - INFO - Beginning API function create expense with data: {'categoryId': 1, 'date': '2023-10-07', 'description': 'test', 'amount': -5.0}
2023-10-11 17:27:32,980 - API - ERROR - Error with API function create expense with error: The amount field must be positive and cannot be 0.00, please try again!
2023-10-11 17:27:43,639 - API - INFO - Beginning API function create expense with data: {'categoryId': -8654781, 'date': '2023-10-07', 'description': 'test', 'amount': 5.0}
2023-10-11 17:27:43,678 - API - ERROR - Error with API function create expense with error: Category not found, please try again!
2023-10-11 17:28:08,114 - API - INFO - Beginning API function update expense with data: {'expenseId': '1', 'categoryId': 1, 'date': '2021-11-06', 'description': 'updated', 'amount': 51.01}
2023-10-11 17:28:08,162 - API - ERROR - Error with API function update expense with error: The expense ID field must be an integer, please try again!
2023-10-11 17:28:21,038 - API - INFO - Beginning API function update expense with data: {'expenseId': 1, 'categoryId': 1, 'date': 3, 'description': 'updated', 'amount': 51.01}
2023-10-11 17:28:21,038 - API - ERROR - Error with API function update expense with error: The date field must be a string, please try again!
2023-10-11 17:28:52,347 - API - INFO - Beginning API function update expense with data: {'expenseId': 1, 'categoryId': 1, 'date': '2021-11-06', 'description': 6, 'amount': 51.01}
2023-10-11 17:28:52,348 - API - ERROR - Error with API function update expense with error: The description field must be a string, please try again!
2023-10-11 17:29:03,096 - API - INFO - Beginning API function update expense with data: {'expenseId': 1, 'categoryId': 1, 'date': '', 'description': 'updated', 'amount': 51.01}
2023-10-11 17:29:03,096 - API - ERROR - Error with API function update expense with error: The date field cannot be left empty, please try again!
2023-10-11 17:29:13,955 - API - INFO - Beginning API function update expense with data: {'expenseId': 1, 'categoryId': 1, 'date': '2021-11-06', 'description': '', 'amount': 51.01}
2023-10-11 17:29:13,955 - API - ERROR - Error with API function update expense with error: The description field cannot be left empty, please try again!
2023-10-11 17:29:26,487 - API - INFO - Beginning API function update expense with data: {'expenseId': 1, 'categoryId': 1, 'date': '2021-11-06', 'description': 'updated', 'amount': -51.01}
2023-10-11 17:29:26,489 - API - ERROR - Error with API function update expense with error: The amount field must be positive and cannot be 0.00, please try again!
2023-10-11 17:29:42,055 - API - INFO - Beginning API function update expense with data: {'expenseId': 1, 'categoryId': -5734348031, 'date': '2021-11-06', 'description': 'updated', 'amount': 51.01}
2023-10-11 17:29:42,109 - API - ERROR - Error with API function update expense with error: Category not found, please try again!
2023-10-11 17:29:55,624 - API - INFO - Beginning API function update expense with data: {'expenseId': -75379481, 'categoryId': 1, 'date': '2021-11-06', 'description': 'updated', 'amount': 51.01}
2023-10-11 17:29:55,676 - API - ERROR - Error with API function update expense with error: Expense not found, please try again!
2023-10-11 17:30:23,206 - API - INFO - Beginning API function update expense with data: {'expenseId': 1, 'categoryId': 1, 'date': '2021-11-06', 'description': 'updated', 'amount': '51.01'}
2023-10-11 17:30:23,207 - API - ERROR - Error with API function update expense with error: The amount field must be a float, please try again!
2023-10-11 17:31:21,032 - API - INFO - Beginning API function get all categories
2023-10-11 17:31:21,066 - API - INFO - Finishing API function get all categories with categories: <generator object get_all_categories.<locals>.<genexpr> at 0x1057939f0>
2023-10-11 17:31:21,118 - API - INFO - Beginning API function create category with name: new category
2023-10-11 17:31:21,176 - API - INFO - Finishing API function create category with result: {'categoryId': 1, 'categoryName': 'new category'}
2023-10-11 17:31:21,200 - API - INFO - Beginning API function create category with name: 
2023-10-11 17:31:21,225 - API - ERROR - Error with API function create category with error: The category name field cannot be left empty, please try again!
2023-10-11 17:31:21,248 - API - INFO - Beginning API function create category with name: 5
2023-10-11 17:31:21,291 - API - ERROR - Error with API function create category with error: The category name field must be a string, please try again!
2023-10-11 17:31:21,331 - API - INFO - Beginning API function create category with name: new category
2023-10-11 17:31:21,398 - API - ERROR - Error with API function create category with error: A category with this name already exists, please try again!
2023-10-11 17:31:21,425 - API - INFO - Beginning API function get all categories
2023-10-11 17:31:21,460 - API - INFO - Finishing API function get all categories with categories: <generator object get_all_categories.<locals>.<genexpr> at 0x105793e00>
2023-10-11 17:31:21,481 - API - INFO - Beginning API function update category with data: {'categoryId': 1, 'categoryName': 'updated name'}
2023-10-11 17:31:21,647 - API - INFO - Finishing API function update category with result: {'categoryId': 1, 'categoryName': 'updated name'}
2023-10-11 17:31:21,674 - API - INFO - Beginning API function update category with data: {'categoryId': 1, 'categoryName': ''}
2023-10-11 17:31:21,675 - API - ERROR - Error with API function update category with error: The category name field cannot be left empty, please try again!
2023-10-11 17:31:21,701 - API - INFO - Beginning API function update category with data: {'categoryId': 1, 'categoryName': 5}
2023-10-11 17:31:21,702 - API - ERROR - Error with API function update category with error: The category name field must be a string, please try again!
2023-10-11 17:31:21,727 - API - INFO - Beginning API function update category with data: {'categoryId': -48975370, 'categoryName': 'test'}
2023-10-11 17:31:21,755 - API - ERROR - Error with API function update category with error: Category not found, please try again!
2023-10-11 17:31:21,796 - API - INFO - Beginning API function update category with data: {'categoryId': 1, 'categoryName': 'new category'}
2023-10-11 17:31:22,028 - API - INFO - Finishing API function update category with result: {'categoryId': 1, 'categoryName': 'new category'}
2023-10-11 17:31:22,054 - API - INFO - Beginning API function delete category with category ID: 
2023-10-11 17:31:22,054 - API - ERROR - Error with API function delete category with error: The category ID field must be an integer, please try again!
2023-10-11 17:31:22,077 - API - INFO - Beginning API function delete category with category ID: -408537395348
2023-10-11 17:31:22,102 - API - ERROR - Error with API function delete category with error: Category not found, please try again!
2023-10-11 17:31:22,124 - API - INFO - Beginning API function get all deposits
2023-10-11 17:31:22,147 - API - ERROR - Error with API function get all deposits with error: No deposits found, please try again!
2023-10-11 17:31:22,168 - API - INFO - Beginning API function create deposit with data: {'categoryId': 1, 'date': '2023-10-07', 'description': 'test', 'amount': 5.0}
2023-10-11 17:31:22,234 - API - INFO - Finishing API function create deposit with result: {'depositId': 1, 'categoryId': 1, 'date': '2023-10-07', 'description': 'test', 'amount': 5.0}
2023-10-11 17:31:22,264 - API - INFO - Beginning API function create deposit with data: {'categoryId': '', 'date': '2023-10-07', 'description': 'test', 'amount': 5.0}
2023-10-11 17:31:22,264 - API - ERROR - Error with API function create deposit with error: The category ID field must be an integer, please try again!
2023-10-11 17:31:22,298 - API - INFO - Beginning API function create deposit with data: {'categoryId': 1, 'date': 7, 'description': 'test', 'amount': 5.0}
2023-10-11 17:31:22,299 - API - ERROR - Error with API function create deposit with error: The date field must be a string, please try again!
2023-10-11 17:31:22,340 - API - INFO - Beginning API function create deposit with data: {'categoryId': 1, 'date': '2023-10-07', 'description': 7, 'amount': 5.0}
2023-10-11 17:31:22,341 - API - ERROR - Error with API function create deposit with error: The description field must be a string, please try again!
2023-10-11 17:31:22,370 - API - INFO - Beginning API function create deposit with data: {'categoryId': 1, 'date': '', 'description': 'test', 'amount': 5.0}
2023-10-11 17:31:22,371 - API - ERROR - Error with API function create deposit with error: The date field cannot be left empty, please try again!
2023-10-11 17:31:22,394 - API - INFO - Beginning API function create deposit with data: {'categoryId': 1, 'date': '2023-10-07', 'description': '', 'amount': 5.0}
2023-10-11 17:31:22,394 - API - ERROR - Error with API function create deposit with error: The description field cannot be left empty, please try again!
2023-10-11 17:31:22,414 - API - INFO - Beginning API function create deposit with data: {'categoryId': 1, 'date': '2023-10-07', 'description': 'test', 'amount': -5.0}
2023-10-11 17:31:22,414 - API - ERROR - Error with API function create deposit with error: The amount field must be positive and cannot be 0.00, please try again!
2023-10-11 17:31:22,453 - API - INFO - Beginning API function create deposit with data: {'categoryId': -42796941, 'date': '2023-10-07', 'description': 'test', 'amount': 5.0}
2023-10-11 17:31:22,505 - API - ERROR - Error with API function create deposit with error: Category not found, please try again!
2023-10-11 17:31:22,536 - API - INFO - Beginning API function get all deposits
2023-10-11 17:31:22,587 - API - INFO - Finishing API function get all deposits with deposits: <generator object get_all_deposits.<locals>.<genexpr> at 0x10583d080>
2023-10-11 17:31:22,607 - API - INFO - Beginning API function update deposit with data: {'depositId': 1, 'categoryId': 1, 'date': '2021-11-06', 'description': 'updated', 'amount': 51.01}
2023-10-11 17:31:22,707 - API - INFO - Finishing API function update deposit with result: {'depositId': 1, 'categoryId': 1, 'date': '2021-11-06', 'description': 'updated', 'amount': 51.01}
2023-10-11 17:31:22,744 - API - INFO - Beginning API function update deposit with data: {'depositId': 1, 'categoryId': '1', 'date': '1997-9-27', 'description': 'updated description', 'amount': 50.0}
2023-10-11 17:31:22,744 - API - ERROR - Error with API function update deposit with error: The category ID field must be an integer, please try again!
2023-10-11 17:31:22,782 - API - INFO - Beginning API function update deposit with data: {'depositId': 1, 'categoryId': 1, 'date': 7578, 'description': 'updated description', 'amount': 50.0}
2023-10-11 17:31:22,782 - API - ERROR - Error with API function update deposit with error: The date field must be a string, please try again!
2023-10-11 17:31:22,815 - API - INFO - Beginning API function update deposit with data: {'depositId': 1, 'categoryId': 1, 'date': '', 'description': 'updated description', 'amount': 50.0}
2023-10-11 17:31:22,815 - API - ERROR - Error with API function update deposit with error: The date field cannot be left empty, please try again!
2023-10-11 17:31:22,840 - API - INFO - Beginning API function update deposit with data: {'depositId': 1, 'categoryId': 1, 'date': '1997-9-27', 'description': 68, 'amount': 50.0}
2023-10-11 17:31:22,840 - API - ERROR - Error with API function update deposit with error: The description field must be a string, please try again!
2023-10-11 17:31:22,864 - API - INFO - Beginning API function update deposit with data: {'depositId': 1, 'categoryId': 1, 'date': '1997-9-27', 'description': '', 'amount': 50.0}
2023-10-11 17:31:22,864 - API - ERROR - Error with API function update deposit with error: The description field cannot be left empty, please try again!
2023-10-11 17:31:22,886 - API - INFO - Beginning API function update deposit with data: {'depositId': 1, 'categoryId': 1, 'date': '1997-9-27', 'description': 'updated description', 'amount': '50.00'}
2023-10-11 17:31:22,887 - API - ERROR - Error with API function update deposit with error: The amount field must be a float, please try again!
2023-10-11 17:31:22,906 - API - INFO - Beginning API function update deposit with data: {'depositId': 1, 'categoryId': 1, 'date': '1997-9-27', 'description': 'updated description', 'amount': -0.0}
2023-10-11 17:31:22,907 - API - ERROR - Error with API function update deposit with error: The amount field must be positive and cannot be 0.00, please try again!
2023-10-11 17:31:22,926 - API - INFO - Beginning API function update deposit with data: {'depositId': 1, 'categoryId': -7465627978, 'date': '1997-9-27', 'description': 'updated description', 'amount': 50.0}
2023-10-11 17:31:22,978 - API - ERROR - Error with API function update deposit with error: Category not found, please try again!
2023-10-11 17:31:23,070 - API - INFO - Beginning API function update deposit with data: {'depositId': -6567845869783, 'categoryId': 1, 'date': '1997-9-27', 'description': 'updated description', 'amount': 50.0}
2023-10-11 17:31:23,138 - API - ERROR - Error with API function update deposit with error: Deposit not found, please try again!
2023-10-11 17:31:23,165 - API - INFO - Beginning API function delete deposit with deposit ID: 1
2023-10-11 17:31:23,267 - API - INFO - Finishing API function delete deposit
2023-10-11 17:31:23,288 - API - INFO - Beginning API function delete deposit with deposit ID: 
2023-10-11 17:31:23,289 - API - ERROR - Error with API function delete deposit with error: The deposit ID field must be an integer, please try again!
2023-10-11 17:31:23,310 - API - INFO - Beginning API function delete deposit with deposit ID: -7598462983
2023-10-11 17:31:23,334 - API - ERROR - Error with API function delete deposit with error: Deposit not found, please try again!
2023-10-11 17:31:23,353 - API - INFO - Beginning API function get all expenses
2023-10-11 17:31:23,411 - API - ERROR - Error with API function get all expenses with error: No expenses found, please try again!
2023-10-11 17:31:23,455 - API - INFO - Beginning API function create expense with data: {'categoryId': 1, 'date': '2023-10-07', 'description': 'test', 'amount': 5.0}
2023-10-11 17:31:23,520 - API - INFO - Finishing API function create expense with result: {'expenseId': 1, 'categoryId': 1, 'date': '2023-10-07', 'description': 'test', 'amount': 5.0}
2023-10-11 17:31:23,544 - API - INFO - Beginning API function create expense with data: {'categoryId': '', 'date': '2023-10-07', 'description': 'test', 'amount': 5.0}
2023-10-11 17:31:23,544 - API - ERROR - Error with API function create expense with error: The category ID field must be an integer, please try again!
2023-10-11 17:31:23,570 - API - INFO - Beginning API function create expense with data: {'categoryId': 1, 'date': 2, 'description': 'test', 'amount': 5.0}
2023-10-11 17:31:23,570 - API - ERROR - Error with API function create expense with error: The date field must be a string, please try again!
2023-10-11 17:31:23,592 - API - INFO - Beginning API function create expense with data: {'categoryId': 1, 'date': '2023-10-07', 'description': 5, 'amount': 5.0}
2023-10-11 17:31:23,592 - API - ERROR - Error with API function create expense with error: The description field must be a string, please try again!
2023-10-11 17:31:23,612 - API - INFO - Beginning API function create expense with data: {'categoryId': 1, 'date': '', 'description': 'test', 'amount': 5.0}
2023-10-11 17:31:23,613 - API - ERROR - Error with API function create expense with error: The date field cannot be left empty, please try again!
2023-10-11 17:31:23,636 - API - INFO - Beginning API function create expense with data: {'categoryId': 1, 'date': '2023-10-07', 'description': '', 'amount': 5.0}
2023-10-11 17:31:23,636 - API - ERROR - Error with API function create expense with error: The description field cannot be left empty, please try again!
2023-10-11 17:31:23,671 - API - INFO - Beginning API function create expense with data: {'categoryId': 1, 'date': '2023-10-07', 'description': 'test', 'amount': -5.0}
2023-10-11 17:31:23,673 - API - ERROR - Error with API function create expense with error: The amount field must be positive and cannot be 0.00, please try again!
2023-10-11 17:31:23,710 - API - INFO - Beginning API function create expense with data: {'categoryId': -8654781, 'date': '2023-10-07', 'description': 'test', 'amount': 5.0}
2023-10-11 17:31:23,756 - API - ERROR - Error with API function create expense with error: Category not found, please try again!
2023-10-11 17:31:23,779 - API - INFO - Beginning API function get all expenses
2023-10-11 17:31:23,866 - API - INFO - Finishing API function get all expenses with expenses: <generator object get_all_expenses.<locals>.<genexpr> at 0x10583c380>
2023-10-11 17:31:23,905 - API - INFO - Beginning API function update expense with data: {'expenseId': 1, 'categoryId': 1, 'date': '2021-11-06', 'description': 'updated', 'amount': 51.01}
2023-10-11 17:31:23,995 - API - INFO - Finishing API function update expense with result: {'expenseId': 1, 'categoryId': 1, 'date': '2021-11-06', 'description': 'updated', 'amount': 51.01}
2023-10-11 17:31:24,016 - API - INFO - Beginning API function update expense with data: {'expenseId': 1, 'categoryId': '1', 'date': '2021-11-06', 'description': 'updated', 'amount': 51.01}
2023-10-11 17:31:24,016 - API - ERROR - Error with API function update expense with error: The category ID field must be an integer, please try again!
2023-10-11 17:31:24,035 - API - INFO - Beginning API function update expense with data: {'expenseId': 1, 'categoryId': 1, 'date': 3, 'description': 'updated', 'amount': 51.01}
2023-10-11 17:31:24,035 - API - ERROR - Error with API function update expense with error: The date field must be a string, please try again!
2023-10-11 17:31:24,057 - API - INFO - Beginning API function update expense with data: {'expenseId': 1, 'categoryId': 1, 'date': '2021-11-06', 'description': 6, 'amount': 51.01}
2023-10-11 17:31:24,057 - API - ERROR - Error with API function update expense with error: The description field must be a string, please try again!
2023-10-11 17:31:24,077 - API - INFO - Beginning API function update expense with data: {'expenseId': 1, 'categoryId': 1, 'date': '', 'description': 'updated', 'amount': 51.01}
2023-10-11 17:31:24,077 - API - ERROR - Error with API function update expense with error: The date field cannot be left empty, please try again!
2023-10-11 17:31:24,108 - API - INFO - Beginning API function update expense with data: {'expenseId': 1, 'categoryId': 1, 'date': '2021-11-06', 'description': '', 'amount': 51.01}
2023-10-11 17:31:24,108 - API - ERROR - Error with API function update expense with error: The description field cannot be left empty, please try again!
2023-10-11 17:31:24,177 - API - INFO - Beginning API function update expense with data: {'expenseId': 1, 'categoryId': 1, 'date': '2021-11-06', 'description': 'updated', 'amount': '51.01'}
2023-10-11 17:31:24,178 - API - ERROR - Error with API function update expense with error: The amount field must be a float, please try again!
2023-10-11 17:31:24,225 - API - INFO - Beginning API function update expense with data: {'expenseId': 1, 'categoryId': 1, 'date': '2021-11-06', 'description': 'updated', 'amount': -51.01}
2023-10-11 17:31:24,226 - API - ERROR - Error with API function update expense with error: The amount field must be positive and cannot be 0.00, please try again!
2023-10-11 17:31:24,255 - API - INFO - Beginning API function update expense with data: {'expenseId': 1, 'categoryId': -5734348031, 'date': '2021-11-06', 'description': 'updated', 'amount': 51.01}
2023-10-11 17:31:24,304 - API - ERROR - Error with API function update expense with error: Category not found, please try again!
2023-10-11 17:31:24,361 - API - INFO - Beginning API function update expense with data: {'expenseId': -75379481, 'categoryId': 1, 'date': '2021-11-06', 'description': 'updated', 'amount': 51.01}
2023-10-11 17:31:24,436 - API - ERROR - Error with API function update expense with error: Expense not found, please try again!
2023-10-11 17:31:24,457 - API - INFO - Beginning API function delete expense with expense ID: 1
2023-10-11 17:31:24,527 - API - INFO - Finishing API function delete expense
2023-10-11 17:31:24,556 - API - INFO - Beginning API function delete expense with expense ID: -737856942094
2023-10-11 17:31:24,557 - API - ERROR - Error with API function delete expense with error: The expense ID field must be an integer, please try again!
2023-10-11 17:31:24,582 - API - INFO - Beginning API function delete expense with expense ID: -737856942094
2023-10-11 17:31:24,630 - API - ERROR - Error with API function delete expense with error: Expense not found, please try again!
2023-10-11 17:31:24,655 - API - INFO - Beginning API function delete category with category ID: 1
2023-10-11 17:31:24,730 - API - INFO - Finishing API function delete category
2023-10-11 17:43:48,841 - API - INFO - Beginning API function get all categories
2023-10-11 17:43:48,938 - API - ERROR - Error with API function get all categories with error: No categories found, please try again!
2023-10-11 17:43:49,002 - API - INFO - Beginning API function get all deposits
2023-10-11 17:43:49,049 - API - ERROR - Error with API function get all deposits with error: No deposits found, please try again!
2023-10-11 17:43:49,110 - API - INFO - Beginning API function get all expenses
2023-10-11 17:43:49,353 - API - ERROR - Error with API function get all expenses with error: No expenses found, please try again!
2023-10-11 17:43:49,382 - API - INFO - Beginning API function create category with name: new category
2023-10-11 17:43:49,534 - API - INFO - Finishing API function create category with result: {'categoryId': 1, 'categoryName': 'new category'}
2023-10-11 17:43:49,557 - API - INFO - Beginning API function create category with name: 
2023-10-11 17:43:49,655 - API - ERROR - Error with API function create category with error: The category name field cannot be left empty, please try again!
2023-10-11 17:43:49,683 - API - INFO - Beginning API function create category with name: 5
2023-10-11 17:43:49,710 - API - ERROR - Error with API function create category with error: The category name field must be a string, please try again!
2023-10-11 17:43:49,733 - API - INFO - Beginning API function create category with name: new category
2023-10-11 17:43:49,835 - API - ERROR - Error with API function create category with error: A category with this name already exists, please try again!
2023-10-11 17:43:49,862 - API - INFO - Beginning API function get all categories
2023-10-11 17:43:49,904 - API - INFO - Finishing API function get all categories with categories: <generator object get_all_categories.<locals>.<genexpr> at 0x107a6c520>
2023-10-11 17:43:49,924 - API - INFO - Beginning API function update category with data: {'categoryId': 1, 'categoryName': 'updated name'}
2023-10-11 17:43:50,138 - API - INFO - Finishing API function update category with result: {'categoryId': 1, 'categoryName': 'updated name'}
2023-10-11 17:43:50,170 - API - INFO - Beginning API function update category with data: {'categoryId': 1, 'categoryName': ''}
2023-10-11 17:43:50,170 - API - ERROR - Error with API function update category with error: The category name field cannot be left empty, please try again!
2023-10-11 17:43:50,191 - API - INFO - Beginning API function update category with data: {'categoryId': 1, 'categoryName': 5}
2023-10-11 17:43:50,192 - API - ERROR - Error with API function update category with error: The category name field must be a string, please try again!
2023-10-11 17:43:50,214 - API - INFO - Beginning API function update category with data: {'categoryId': -48975370, 'categoryName': 'test'}
2023-10-11 17:43:50,258 - API - ERROR - Error with API function update category with error: Category not found, please try again!
2023-10-11 17:43:50,276 - API - INFO - Beginning API function update category with data: {'categoryId': 1, 'categoryName': 'new category'}
2023-10-11 17:43:50,492 - API - INFO - Finishing API function update category with result: {'categoryId': 1, 'categoryName': 'new category'}
2023-10-11 17:43:50,511 - API - INFO - Beginning API function delete category with category ID: 
2023-10-11 17:43:50,511 - API - ERROR - Error with API function delete category with error: The category ID field must be an integer, please try again!
2023-10-11 17:43:50,533 - API - INFO - Beginning API function delete category with category ID: -408537395348
2023-10-11 17:43:50,630 - API - ERROR - Error with API function delete category with error: Category not found, please try again!
2023-10-11 17:43:50,648 - API - INFO - Beginning API function create deposit with data: {'categoryId': 1, 'date': '2023-10-07', 'description': 'test', 'amount': 5.0}
2023-10-11 17:43:50,865 - API - INFO - Finishing API function create deposit with result: {'depositId': 1, 'categoryId': 1, 'date': '2023-10-07', 'description': 'test', 'amount': 5.0}
2023-10-11 17:43:50,889 - API - INFO - Beginning API function create deposit with data: {'categoryId': '', 'date': '2023-10-07', 'description': 'test', 'amount': 5.0}
2023-10-11 17:43:50,889 - API - ERROR - Error with API function create deposit with error: The category ID field must be an integer, please try again!
2023-10-11 17:43:50,909 - API - INFO - Beginning API function create deposit with data: {'categoryId': 1, 'date': 7, 'description': 'test', 'amount': 5.0}
2023-10-11 17:43:50,909 - API - ERROR - Error with API function create deposit with error: The date field must be a string, please try again!
2023-10-11 17:43:50,928 - API - INFO - Beginning API function create deposit with data: {'categoryId': 1, 'date': '2023-10-07', 'description': 7, 'amount': 5.0}
2023-10-11 17:43:50,928 - API - ERROR - Error with API function create deposit with error: The description field must be a string, please try again!
2023-10-11 17:43:50,949 - API - INFO - Beginning API function create deposit with data: {'categoryId': 1, 'date': '', 'description': 'test', 'amount': 5.0}
2023-10-11 17:43:50,949 - API - ERROR - Error with API function create deposit with error: The date field cannot be left empty, please try again!
2023-10-11 17:43:50,972 - API - INFO - Beginning API function create deposit with data: {'categoryId': 1, 'date': '2023-10-07', 'description': '', 'amount': 5.0}
2023-10-11 17:43:50,972 - API - ERROR - Error with API function create deposit with error: The description field cannot be left empty, please try again!
2023-10-11 17:43:50,992 - API - INFO - Beginning API function create deposit with data: {'categoryId': 1, 'date': '2023-10-07', 'description': 'test', 'amount': -5.0}
2023-10-11 17:43:50,992 - API - ERROR - Error with API function create deposit with error: The amount field must be positive and cannot be 0.00, please try again!
2023-10-11 17:43:51,016 - API - INFO - Beginning API function create deposit with data: {'categoryId': -42796941, 'date': '2023-10-07', 'description': 'test', 'amount': 5.0}
2023-10-11 17:43:51,067 - API - ERROR - Error with API function create deposit with error: Category not found, please try again!
2023-10-11 17:43:51,114 - API - INFO - Beginning API function get all deposits
2023-10-11 17:43:51,215 - API - INFO - Finishing API function get all deposits with deposits: <generator object get_all_deposits.<locals>.<genexpr> at 0x107a6d080>
2023-10-11 17:43:51,243 - API - INFO - Beginning API function update deposit with data: {'depositId': 1, 'categoryId': 1, 'date': '2021-11-06', 'description': 'updated', 'amount': 51.01}
2023-10-11 17:43:51,455 - API - INFO - Finishing API function update deposit with result: {'depositId': 1, 'categoryId': 1, 'date': '2021-11-06', 'description': 'updated', 'amount': 51.01}
2023-10-11 17:43:51,477 - API - INFO - Beginning API function update deposit with data: {'depositId': 1, 'categoryId': '1', 'date': '1997-9-27', 'description': 'updated description', 'amount': 50.0}
2023-10-11 17:43:51,477 - API - ERROR - Error with API function update deposit with error: The category ID field must be an integer, please try again!
2023-10-11 17:43:51,499 - API - INFO - Beginning API function update deposit with data: {'depositId': 1, 'categoryId': 1, 'date': 7578, 'description': 'updated description', 'amount': 50.0}
2023-10-11 17:43:51,499 - API - ERROR - Error with API function update deposit with error: The date field must be a string, please try again!
2023-10-11 17:43:51,519 - API - INFO - Beginning API function update deposit with data: {'depositId': 1, 'categoryId': 1, 'date': '', 'description': 'updated description', 'amount': 50.0}
2023-10-11 17:43:51,519 - API - ERROR - Error with API function update deposit with error: The date field cannot be left empty, please try again!
2023-10-11 17:43:51,543 - API - INFO - Beginning API function update deposit with data: {'depositId': 1, 'categoryId': 1, 'date': '1997-9-27', 'description': 68, 'amount': 50.0}
2023-10-11 17:43:51,543 - API - ERROR - Error with API function update deposit with error: The description field must be a string, please try again!
2023-10-11 17:43:51,564 - API - INFO - Beginning API function update deposit with data: {'depositId': 1, 'categoryId': 1, 'date': '1997-9-27', 'description': '', 'amount': 50.0}
2023-10-11 17:43:51,564 - API - ERROR - Error with API function update deposit with error: The description field cannot be left empty, please try again!
2023-10-11 17:43:51,585 - API - INFO - Beginning API function update deposit with data: {'depositId': 1, 'categoryId': 1, 'date': '1997-9-27', 'description': 'updated description', 'amount': '50.00'}
2023-10-11 17:43:51,586 - API - ERROR - Error with API function update deposit with error: The amount field must be a float, please try again!
2023-10-11 17:43:51,611 - API - INFO - Beginning API function update deposit with data: {'depositId': 1, 'categoryId': 1, 'date': '1997-9-27', 'description': 'updated description', 'amount': -0.0}
2023-10-11 17:43:51,611 - API - ERROR - Error with API function update deposit with error: The amount field must be positive and cannot be 0.00, please try again!
2023-10-11 17:43:51,640 - API - INFO - Beginning API function update deposit with data: {'depositId': 1, 'categoryId': -7465627978, 'date': '1997-9-27', 'description': 'updated description', 'amount': 50.0}
2023-10-11 17:43:51,702 - API - ERROR - Error with API function update deposit with error: Category not found, please try again!
2023-10-11 17:43:51,741 - API - INFO - Beginning API function update deposit with data: {'depositId': -6567845869783, 'categoryId': 1, 'date': '1997-9-27', 'description': 'updated description', 'amount': 50.0}
2023-10-11 17:43:51,810 - API - ERROR - Error with API function update deposit with error: Deposit not found, please try again!
2023-10-11 17:43:51,859 - API - INFO - Beginning API function delete deposit with deposit ID: 1
2023-10-11 17:43:52,028 - API - INFO - Finishing API function delete deposit
2023-10-11 17:43:52,049 - API - INFO - Beginning API function delete deposit with deposit ID: 
2023-10-11 17:43:52,049 - API - ERROR - Error with API function delete deposit with error: The deposit ID field must be an integer, please try again!
2023-10-11 17:43:52,072 - API - INFO - Beginning API function delete deposit with deposit ID: -7598462983
2023-10-11 17:43:52,165 - API - ERROR - Error with API function delete deposit with error: Deposit not found, please try again!
2023-10-11 17:43:52,187 - API - INFO - Beginning API function create expense with data: {'categoryId': 1, 'date': '2023-10-07', 'description': 'test', 'amount': 5.0}
2023-10-11 17:43:52,330 - API - INFO - Finishing API function create expense with result: {'expenseId': 1, 'categoryId': 1, 'date': '2023-10-07', 'description': 'test', 'amount': 5.0}
2023-10-11 17:43:52,362 - API - INFO - Beginning API function create expense with data: {'categoryId': '', 'date': '2023-10-07', 'description': 'test', 'amount': 5.0}
2023-10-11 17:43:52,362 - API - ERROR - Error with API function create expense with error: The category ID field must be an integer, please try again!
2023-10-11 17:43:52,385 - API - INFO - Beginning API function create expense with data: {'categoryId': 1, 'date': 2, 'description': 'test', 'amount': 5.0}
2023-10-11 17:43:52,385 - API - ERROR - Error with API function create expense with error: The date field must be a string, please try again!
2023-10-11 17:43:52,407 - API - INFO - Beginning API function create expense with data: {'categoryId': 1, 'date': '2023-10-07', 'description': 5, 'amount': 5.0}
2023-10-11 17:43:52,407 - API - ERROR - Error with API function create expense with error: The description field must be a string, please try again!
2023-10-11 17:43:52,438 - API - INFO - Beginning API function create expense with data: {'categoryId': 1, 'date': '', 'description': 'test', 'amount': 5.0}
2023-10-11 17:43:52,438 - API - ERROR - Error with API function create expense with error: The date field cannot be left empty, please try again!
2023-10-11 17:43:52,464 - API - INFO - Beginning API function create expense with data: {'categoryId': 1, 'date': '2023-10-07', 'description': '', 'amount': 5.0}
2023-10-11 17:43:52,464 - API - ERROR - Error with API function create expense with error: The description field cannot be left empty, please try again!
2023-10-11 17:43:52,499 - API - INFO - Beginning API function create expense with data: {'categoryId': 1, 'date': '2023-10-07', 'description': 'test', 'amount': -5.0}
2023-10-11 17:43:52,500 - API - ERROR - Error with API function create expense with error: The amount field must be positive and cannot be 0.00, please try again!
2023-10-11 17:43:52,522 - API - INFO - Beginning API function create expense with data: {'categoryId': -8654781, 'date': '2023-10-07', 'description': 'test', 'amount': 5.0}
2023-10-11 17:43:52,556 - API - ERROR - Error with API function create expense with error: Category not found, please try again!
2023-10-11 17:43:52,613 - API - INFO - Beginning API function get all expenses
2023-10-11 17:43:52,663 - API - INFO - Finishing API function get all expenses with expenses: <generator object get_all_expenses.<locals>.<genexpr> at 0x107a6d7d0>
2023-10-11 17:43:52,688 - API - INFO - Beginning API function update expense with data: {'expenseId': 1, 'categoryId': 1, 'date': '2021-11-06', 'description': 'updated', 'amount': 51.01}
2023-10-11 17:43:52,836 - API - INFO - Finishing API function update expense with result: {'expenseId': 1, 'categoryId': 1, 'date': '2021-11-06', 'description': 'updated', 'amount': 51.01}
2023-10-11 17:43:52,876 - API - INFO - Beginning API function update expense with data: {'expenseId': 1, 'categoryId': '1', 'date': '2021-11-06', 'description': 'updated', 'amount': 51.01}
2023-10-11 17:43:52,876 - API - ERROR - Error with API function update expense with error: The category ID field must be an integer, please try again!
2023-10-11 17:43:52,903 - API - INFO - Beginning API function update expense with data: {'expenseId': 1, 'categoryId': 1, 'date': 3, 'description': 'updated', 'amount': 51.01}
2023-10-11 17:43:52,903 - API - ERROR - Error with API function update expense with error: The date field must be a string, please try again!
2023-10-11 17:43:52,924 - API - INFO - Beginning API function update expense with data: {'expenseId': 1, 'categoryId': 1, 'date': '2021-11-06', 'description': 6, 'amount': 51.01}
2023-10-11 17:43:52,924 - API - ERROR - Error with API function update expense with error: The description field must be a string, please try again!
2023-10-11 17:43:52,945 - API - INFO - Beginning API function update expense with data: {'expenseId': 1, 'categoryId': 1, 'date': '', 'description': 'updated', 'amount': 51.01}
2023-10-11 17:43:52,945 - API - ERROR - Error with API function update expense with error: The date field cannot be left empty, please try again!
2023-10-11 17:43:52,968 - API - INFO - Beginning API function update expense with data: {'expenseId': 1, 'categoryId': 1, 'date': '2021-11-06', 'description': '', 'amount': 51.01}
2023-10-11 17:43:52,968 - API - ERROR - Error with API function update expense with error: The description field cannot be left empty, please try again!
2023-10-11 17:43:52,989 - API - INFO - Beginning API function update expense with data: {'expenseId': 1, 'categoryId': 1, 'date': '2021-11-06', 'description': 'updated', 'amount': '51.01'}
2023-10-11 17:43:52,990 - API - ERROR - Error with API function update expense with error: The amount field must be a float, please try again!
2023-10-11 17:43:53,010 - API - INFO - Beginning API function update expense with data: {'expenseId': 1, 'categoryId': 1, 'date': '2021-11-06', 'description': 'updated', 'amount': -51.01}
2023-10-11 17:43:53,010 - API - ERROR - Error with API function update expense with error: The amount field must be positive and cannot be 0.00, please try again!
2023-10-11 17:43:53,034 - API - INFO - Beginning API function update expense with data: {'expenseId': 1, 'categoryId': -5734348031, 'date': '2021-11-06', 'description': 'updated', 'amount': 51.01}
2023-10-11 17:43:53,080 - API - ERROR - Error with API function update expense with error: Category not found, please try again!
2023-10-11 17:43:53,151 - API - INFO - Beginning API function update expense with data: {'expenseId': -75379481, 'categoryId': 1, 'date': '2021-11-06', 'description': 'updated', 'amount': 51.01}
2023-10-11 17:43:53,215 - API - ERROR - Error with API function update expense with error: Expense not found, please try again!
2023-10-11 17:43:53,245 - API - INFO - Beginning API function delete expense with expense ID: 1
2023-10-11 17:43:53,333 - API - INFO - Finishing API function delete expense
2023-10-11 17:43:53,380 - API - INFO - Beginning API function delete expense with expense ID: -737856942094
2023-10-11 17:43:53,381 - API - ERROR - Error with API function delete expense with error: The expense ID field must be an integer, please try again!
2023-10-11 17:43:53,414 - API - INFO - Beginning API function delete expense with expense ID: -737856942094
2023-10-11 17:43:53,444 - API - ERROR - Error with API function delete expense with error: Expense not found, please try again!
2023-10-11 17:43:53,465 - API - INFO - Beginning API function delete category with category ID: 1
2023-10-11 17:43:53,628 - API - INFO - Finishing API function delete category
2023-10-11 17:44:09,353 - API - INFO - Beginning API function get all expenses
2023-10-11 17:44:09,392 - API - ERROR - Error with API function get all expenses with error: No expenses found, please try again!
2023-10-11 17:46:35,213 - API - INFO - Beginning API function get all categories
2023-10-11 17:46:35,251 - API - ERROR - Error with API function get all categories with error: No categories found, please try again!
2023-10-11 17:46:35,310 - API - INFO - Beginning API function get all deposits
2023-10-11 17:46:35,345 - API - ERROR - Error with API function get all deposits with error: No deposits found, please try again!
2023-10-11 17:46:35,374 - API - INFO - Beginning API function get all expenses
2023-10-11 17:46:35,412 - API - ERROR - Error with API function get all expenses with error: No expenses found, please try again!
2023-10-11 17:46:35,443 - API - INFO - Beginning API function create category with name: new category
2023-10-11 17:46:35,623 - API - INFO - Finishing API function create category with result: {'categoryId': 1, 'categoryName': 'new category'}
2023-10-11 17:46:35,649 - API - INFO - Beginning API function create category with name: 
2023-10-11 17:46:35,673 - API - ERROR - Error with API function create category with error: The category name field cannot be left empty, please try again!
2023-10-11 17:46:35,700 - API - INFO - Beginning API function create category with name: 5
2023-10-11 17:46:35,726 - API - ERROR - Error with API function create category with error: The category name field must be a string, please try again!
2023-10-11 17:46:35,748 - API - INFO - Beginning API function create category with name: test category
2023-10-11 17:46:35,776 - API - ERROR - Error with API function create category with error: A category with this name already exists, please try again!
2023-10-11 17:46:35,798 - API - INFO - Beginning API function get all categories
2023-10-11 17:46:35,842 - API - INFO - Finishing API function get all categories with categories: <generator object get_all_categories.<locals>.<genexpr> at 0x10c2542b0>
2023-10-11 17:46:35,884 - API - INFO - Beginning API function update category with data: {'categoryId': 1, 'categoryName': 'updated name'}
2023-10-11 17:46:36,058 - API - INFO - Finishing API function update category with result: {'categoryId': 1, 'categoryName': 'updated name'}
2023-10-11 17:46:36,088 - API - INFO - Beginning API function update category with data: {'categoryId': 1, 'categoryName': ''}
2023-10-11 17:46:36,088 - API - ERROR - Error with API function update category with error: The category name field cannot be left empty, please try again!
2023-10-11 17:46:36,121 - API - INFO - Beginning API function update category with data: {'categoryId': 1, 'categoryName': 5}
2023-10-11 17:46:36,121 - API - ERROR - Error with API function update category with error: The category name field must be a string, please try again!
2023-10-11 17:46:36,150 - API - INFO - Beginning API function update category with data: {'categoryId': -48975370, 'categoryName': 'test'}
2023-10-11 17:46:36,181 - API - ERROR - Error with API function update category with error: Category not found, please try again!
2023-10-11 17:46:36,205 - API - INFO - Beginning API function update category with data: {'categoryId': 1, 'categoryName': 'new category'}
2023-10-11 17:46:36,317 - API - INFO - Finishing API function update category with result: {'categoryId': 1, 'categoryName': 'new category'}
2023-10-11 17:46:36,359 - API - INFO - Beginning API function delete category with category ID: 
2023-10-11 17:46:36,359 - API - ERROR - Error with API function delete category with error: The category ID field must be an integer, please try again!
2023-10-11 17:46:36,392 - API - INFO - Beginning API function delete category with category ID: -408537395348
2023-10-11 17:46:36,429 - API - ERROR - Error with API function delete category with error: Category not found, please try again!
2023-10-11 17:46:36,451 - API - INFO - Beginning API function create deposit with data: {'categoryId': 1, 'date': '2023-10-07', 'description': 'test', 'amount': 5.0}
2023-10-11 17:46:36,508 - API - INFO - Finishing API function create deposit with result: {'depositId': 1, 'categoryId': 1, 'date': '2023-10-07', 'description': 'test', 'amount': 5.0}
2023-10-11 17:46:36,543 - API - INFO - Beginning API function create deposit with data: {'categoryId': '', 'date': '2023-10-07', 'description': 'test', 'amount': 5.0}
2023-10-11 17:46:36,544 - API - ERROR - Error with API function create deposit with error: The category ID field must be an integer, please try again!
2023-10-11 17:46:36,590 - API - INFO - Beginning API function create deposit with data: {'categoryId': 1, 'date': 7, 'description': 'test', 'amount': 5.0}
2023-10-11 17:46:36,591 - API - ERROR - Error with API function create deposit with error: The date field must be a string, please try again!
2023-10-11 17:46:36,639 - API - INFO - Beginning API function create deposit with data: {'categoryId': 1, 'date': '2023-10-07', 'description': 7, 'amount': 5.0}
2023-10-11 17:46:36,640 - API - ERROR - Error with API function create deposit with error: The description field must be a string, please try again!
2023-10-11 17:46:36,674 - API - INFO - Beginning API function create deposit with data: {'categoryId': 1, 'date': '', 'description': 'test', 'amount': 5.0}
2023-10-11 17:46:36,674 - API - ERROR - Error with API function create deposit with error: The date field cannot be left empty, please try again!
2023-10-11 17:46:36,714 - API - INFO - Beginning API function create deposit with data: {'categoryId': 1, 'date': '2023-10-07', 'description': '', 'amount': 5.0}
2023-10-11 17:46:36,714 - API - ERROR - Error with API function create deposit with error: The description field cannot be left empty, please try again!
2023-10-11 17:46:36,750 - API - INFO - Beginning API function create deposit with data: {'categoryId': 1, 'date': '2023-10-07', 'description': 'test', 'amount': -5.0}
2023-10-11 17:46:36,750 - API - ERROR - Error with API function create deposit with error: The amount field must be positive and cannot be 0.00, please try again!
2023-10-11 17:46:36,823 - API - INFO - Beginning API function create deposit with data: {'categoryId': -42796941, 'date': '2023-10-07', 'description': 'test', 'amount': 5.0}
2023-10-11 17:46:36,890 - API - ERROR - Error with API function create deposit with error: Category not found, please try again!
2023-10-11 17:46:36,920 - API - INFO - Beginning API function get all deposits
2023-10-11 17:46:37,009 - API - INFO - Finishing API function get all deposits with deposits: <generator object get_all_deposits.<locals>.<genexpr> at 0x10c255220>
2023-10-11 17:46:37,056 - API - INFO - Beginning API function update deposit with data: {'depositId': 1, 'categoryId': 1, 'date': '2021-11-06', 'description': 'updated', 'amount': 51.01}
2023-10-11 17:46:37,187 - API - INFO - Finishing API function update deposit with result: {'depositId': 1, 'categoryId': 1, 'date': '2021-11-06', 'description': 'updated', 'amount': 51.01}
2023-10-11 17:46:37,208 - API - INFO - Beginning API function update deposit with data: {'depositId': 1, 'categoryId': '1', 'date': '1997-9-27', 'description': 'updated description', 'amount': 50.0}
2023-10-11 17:46:37,208 - API - ERROR - Error with API function update deposit with error: The category ID field must be an integer, please try again!
2023-10-11 17:46:37,235 - API - INFO - Beginning API function update deposit with data: {'depositId': 1, 'categoryId': 1, 'date': 7578, 'description': 'updated description', 'amount': 50.0}
2023-10-11 17:46:37,236 - API - ERROR - Error with API function update deposit with error: The date field must be a string, please try again!
2023-10-11 17:46:37,290 - API - INFO - Beginning API function update deposit with data: {'depositId': 1, 'categoryId': 1, 'date': '', 'description': 'updated description', 'amount': 50.0}
2023-10-11 17:46:37,290 - API - ERROR - Error with API function update deposit with error: The date field cannot be left empty, please try again!
2023-10-11 17:46:37,363 - API - INFO - Beginning API function update deposit with data: {'depositId': 1, 'categoryId': 1, 'date': '1997-9-27', 'description': 68, 'amount': 50.0}
2023-10-11 17:46:37,363 - API - ERROR - Error with API function update deposit with error: The description field must be a string, please try again!
2023-10-11 17:46:37,384 - API - INFO - Beginning API function update deposit with data: {'depositId': 1, 'categoryId': 1, 'date': '1997-9-27', 'description': '', 'amount': 50.0}
2023-10-11 17:46:37,384 - API - ERROR - Error with API function update deposit with error: The description field cannot be left empty, please try again!
2023-10-11 17:46:37,415 - API - INFO - Beginning API function update deposit with data: {'depositId': 1, 'categoryId': 1, 'date': '1997-9-27', 'description': 'updated description', 'amount': '50.00'}
2023-10-11 17:46:37,416 - API - ERROR - Error with API function update deposit with error: The amount field must be a float, please try again!
2023-10-11 17:46:37,477 - API - INFO - Beginning API function update deposit with data: {'depositId': 1, 'categoryId': 1, 'date': '1997-9-27', 'description': 'updated description', 'amount': -0.0}
2023-10-11 17:46:37,477 - API - ERROR - Error with API function update deposit with error: The amount field must be positive and cannot be 0.00, please try again!
2023-10-11 17:46:37,552 - API - INFO - Beginning API function update deposit with data: {'depositId': 1, 'categoryId': -7465627978, 'date': '1997-9-27', 'description': 'updated description', 'amount': 50.0}
2023-10-11 17:46:37,597 - API - ERROR - Error with API function update deposit with error: Category not found, please try again!
2023-10-11 17:46:37,620 - API - INFO - Beginning API function update deposit with data: {'depositId': -6567845869783, 'categoryId': 1, 'date': '1997-9-27', 'description': 'updated description', 'amount': 50.0}
2023-10-11 17:46:37,684 - API - ERROR - Error with API function update deposit with error: Deposit not found, please try again!
2023-10-11 17:46:37,713 - API - INFO - Beginning API function delete deposit with deposit ID: 1
2023-10-11 17:46:37,840 - API - INFO - Finishing API function delete deposit
2023-10-11 17:46:37,863 - API - INFO - Beginning API function delete deposit with deposit ID: 
2023-10-11 17:46:37,864 - API - ERROR - Error with API function delete deposit with error: The deposit ID field must be an integer, please try again!
2023-10-11 17:46:37,890 - API - INFO - Beginning API function delete deposit with deposit ID: -7598462983
2023-10-11 17:46:37,918 - API - ERROR - Error with API function delete deposit with error: Deposit not found, please try again!
2023-10-11 17:46:37,981 - API - INFO - Beginning API function create expense with data: {'categoryId': 1, 'date': '2023-10-07', 'description': 'test', 'amount': 5.0}
2023-10-11 17:46:38,090 - API - INFO - Finishing API function create expense with result: {'expenseId': 1, 'categoryId': 1, 'date': '2023-10-07', 'description': 'test', 'amount': 5.0}
2023-10-11 17:46:38,112 - API - INFO - Beginning API function create expense with data: {'categoryId': '', 'date': '2023-10-07', 'description': 'test', 'amount': 5.0}
2023-10-11 17:46:38,112 - API - ERROR - Error with API function create expense with error: The category ID field must be an integer, please try again!
2023-10-11 17:46:38,150 - API - INFO - Beginning API function create expense with data: {'categoryId': 1, 'date': 2, 'description': 'test', 'amount': 5.0}
2023-10-11 17:46:38,150 - API - ERROR - Error with API function create expense with error: The date field must be a string, please try again!
2023-10-11 17:46:38,236 - API - INFO - Beginning API function create expense with data: {'categoryId': 1, 'date': '2023-10-07', 'description': 5, 'amount': 5.0}
2023-10-11 17:46:38,236 - API - ERROR - Error with API function create expense with error: The description field must be a string, please try again!
2023-10-11 17:46:38,292 - API - INFO - Beginning API function create expense with data: {'categoryId': 1, 'date': '', 'description': 'test', 'amount': 5.0}
2023-10-11 17:46:38,293 - API - ERROR - Error with API function create expense with error: The date field cannot be left empty, please try again!
2023-10-11 17:46:38,321 - API - INFO - Beginning API function create expense with data: {'categoryId': 1, 'date': '2023-10-07', 'description': '', 'amount': 5.0}
2023-10-11 17:46:38,321 - API - ERROR - Error with API function create expense with error: The description field cannot be left empty, please try again!
2023-10-11 17:46:38,353 - API - INFO - Beginning API function create expense with data: {'categoryId': 1, 'date': '2023-10-07', 'description': 'test', 'amount': -5.0}
2023-10-11 17:46:38,353 - API - ERROR - Error with API function create expense with error: The amount field must be positive and cannot be 0.00, please try again!
2023-10-11 17:46:38,433 - API - INFO - Beginning API function create expense with data: {'categoryId': -8654781, 'date': '2023-10-07', 'description': 'test', 'amount': 5.0}
2023-10-11 17:46:38,501 - API - ERROR - Error with API function create expense with error: Category not found, please try again!
2023-10-11 17:46:38,525 - API - INFO - Beginning API function get all expenses
2023-10-11 17:46:38,551 - API - INFO - Finishing API function get all expenses with expenses: <generator object get_all_expenses.<locals>.<genexpr> at 0x10c254380>
2023-10-11 17:46:38,574 - API - INFO - Beginning API function update expense with data: {'expenseId': 1, 'categoryId': 1, 'date': '2021-11-06', 'description': 'updated', 'amount': 51.01}
2023-10-11 17:46:38,768 - API - INFO - Finishing API function update expense with result: {'expenseId': 1, 'categoryId': 1, 'date': '2021-11-06', 'description': 'updated', 'amount': 51.01}
2023-10-11 17:46:38,794 - API - INFO - Beginning API function update expense with data: {'expenseId': 1, 'categoryId': '1', 'date': '2021-11-06', 'description': 'updated', 'amount': 51.01}
2023-10-11 17:46:38,794 - API - ERROR - Error with API function update expense with error: The category ID field must be an integer, please try again!
2023-10-11 17:46:38,832 - API - INFO - Beginning API function update expense with data: {'expenseId': 1, 'categoryId': 1, 'date': 3, 'description': 'updated', 'amount': 51.01}
2023-10-11 17:46:38,832 - API - ERROR - Error with API function update expense with error: The date field must be a string, please try again!
2023-10-11 17:46:38,864 - API - INFO - Beginning API function update expense with data: {'expenseId': 1, 'categoryId': 1, 'date': '2021-11-06', 'description': 6, 'amount': 51.01}
2023-10-11 17:46:38,865 - API - ERROR - Error with API function update expense with error: The description field must be a string, please try again!
2023-10-11 17:46:38,895 - API - INFO - Beginning API function update expense with data: {'expenseId': 1, 'categoryId': 1, 'date': '', 'description': 'updated', 'amount': 51.01}
2023-10-11 17:46:38,896 - API - ERROR - Error with API function update expense with error: The date field cannot be left empty, please try again!
2023-10-11 17:46:38,935 - API - INFO - Beginning API function update expense with data: {'expenseId': 1, 'categoryId': 1, 'date': '2021-11-06', 'description': '', 'amount': 51.01}
2023-10-11 17:46:38,935 - API - ERROR - Error with API function update expense with error: The description field cannot be left empty, please try again!
2023-10-11 17:46:38,961 - API - INFO - Beginning API function update expense with data: {'expenseId': 1, 'categoryId': 1, 'date': '2021-11-06', 'description': 'updated', 'amount': '51.01'}
2023-10-11 17:46:38,961 - API - ERROR - Error with API function update expense with error: The amount field must be a float, please try again!
2023-10-11 17:46:38,983 - API - INFO - Beginning API function update expense with data: {'expenseId': 1, 'categoryId': 1, 'date': '2021-11-06', 'description': 'updated', 'amount': -51.01}
2023-10-11 17:46:38,983 - API - ERROR - Error with API function update expense with error: The amount field must be positive and cannot be 0.00, please try again!
2023-10-11 17:46:39,012 - API - INFO - Beginning API function update expense with data: {'expenseId': 1, 'categoryId': -5734348031, 'date': '2021-11-06', 'description': 'updated', 'amount': 51.01}
2023-10-11 17:46:39,098 - API - ERROR - Error with API function update expense with error: Category not found, please try again!
2023-10-11 17:46:39,159 - API - INFO - Beginning API function update expense with data: {'expenseId': -75379481, 'categoryId': 1, 'date': '2021-11-06', 'description': 'updated', 'amount': 51.01}
2023-10-11 17:46:39,223 - API - ERROR - Error with API function update expense with error: Expense not found, please try again!
2023-10-11 17:46:39,259 - API - INFO - Beginning API function delete expense with expense ID: 1
2023-10-11 17:46:39,370 - API - INFO - Finishing API function delete expense
2023-10-11 17:46:39,389 - API - INFO - Beginning API function delete expense with expense ID: -737856942094
2023-10-11 17:46:39,390 - API - ERROR - Error with API function delete expense with error: The expense ID field must be an integer, please try again!
2023-10-11 17:46:39,411 - API - INFO - Beginning API function delete expense with expense ID: -737856942094
2023-10-11 17:46:39,455 - API - ERROR - Error with API function delete expense with error: Expense not found, please try again!
2023-10-11 17:46:39,490 - API - INFO - Beginning API function delete category with category ID: 1
2023-10-11 17:46:39,620 - API - INFO - Finishing API function delete category
2023-10-11 17:47:00,970 - API - INFO - Beginning API function update category with data: {'categoryId': 1, 'categoryName': 'test category'}
2023-10-11 17:47:01,018 - API - ERROR - Error with API function update category with error: Category not found, please try again!
2023-10-11 17:47:21,720 - API - INFO - Beginning API function get all categories
2023-10-11 17:47:21,774 - API - ERROR - Error with API function get all categories with error: No categories found, please try again!
2023-10-11 17:47:21,840 - API - INFO - Beginning API function get all deposits
2023-10-11 17:47:21,878 - API - ERROR - Error with API function get all deposits with error: No deposits found, please try again!
2023-10-11 17:47:21,904 - API - INFO - Beginning API function get all expenses
2023-10-11 17:47:22,033 - API - ERROR - Error with API function get all expenses with error: No expenses found, please try again!
2023-10-11 17:47:22,083 - API - INFO - Beginning API function create category with name: new category
2023-10-11 17:47:22,265 - API - INFO - Finishing API function create category with result: {'categoryId': 1, 'categoryName': 'new category'}
2023-10-11 17:47:22,298 - API - INFO - Beginning API function create category with name: 
2023-10-11 17:47:22,355 - API - ERROR - Error with API function create category with error: The category name field cannot be left empty, please try again!
2023-10-11 17:47:22,377 - API - INFO - Beginning API function create category with name: 5
2023-10-11 17:47:22,399 - API - ERROR - Error with API function create category with error: The category name field must be a string, please try again!
2023-10-11 17:47:22,419 - API - INFO - Beginning API function create category with name: test category
2023-10-11 17:47:22,442 - API - ERROR - Error with API function create category with error: A category with this name already exists, please try again!
2023-10-11 17:47:22,463 - API - INFO - Beginning API function get all categories
2023-10-11 17:47:22,501 - API - INFO - Finishing API function get all categories with categories: <generator object get_all_categories.<locals>.<genexpr> at 0x10a1002b0>
2023-10-11 17:47:22,541 - API - INFO - Beginning API function update category with data: {'categoryId': 1, 'categoryName': 'updated name'}
2023-10-11 17:47:22,657 - API - INFO - Finishing API function update category with result: {'categoryId': 1, 'categoryName': 'updated name'}
2023-10-11 17:47:22,680 - API - INFO - Beginning API function update category with data: {'categoryId': 1, 'categoryName': ''}
2023-10-11 17:47:22,680 - API - ERROR - Error with API function update category with error: The category name field cannot be left empty, please try again!
2023-10-11 17:47:22,701 - API - INFO - Beginning API function update category with data: {'categoryId': 1, 'categoryName': 5}
2023-10-11 17:47:22,701 - API - ERROR - Error with API function update category with error: The category name field must be a string, please try again!
2023-10-11 17:47:22,729 - API - INFO - Beginning API function update category with data: {'categoryId': -48975370, 'categoryName': 'test'}
2023-10-11 17:47:22,797 - API - ERROR - Error with API function update category with error: Category not found, please try again!
2023-10-11 17:47:22,832 - API - INFO - Beginning API function update category with data: {'categoryId': 1, 'categoryName': 'test category'}
2023-10-11 17:47:22,904 - API - ERROR - Error with API function update category with error: A category with this name already exists, please try again!
2023-10-11 17:47:22,933 - API - INFO - Beginning API function delete category with category ID: 
2023-10-11 17:47:22,933 - API - ERROR - Error with API function delete category with error: The category ID field must be an integer, please try again!
2023-10-11 17:47:22,965 - API - INFO - Beginning API function delete category with category ID: -408537395348
2023-10-11 17:47:23,026 - API - ERROR - Error with API function delete category with error: Category not found, please try again!
2023-10-11 17:47:23,058 - API - INFO - Beginning API function create deposit with data: {'categoryId': 1, 'date': '2023-10-07', 'description': 'test', 'amount': 5.0}
2023-10-11 17:47:23,121 - API - INFO - Finishing API function create deposit with result: {'depositId': 1, 'categoryId': 1, 'date': '2023-10-07', 'description': 'test', 'amount': 5.0}
2023-10-11 17:47:23,143 - API - INFO - Beginning API function create deposit with data: {'categoryId': '', 'date': '2023-10-07', 'description': 'test', 'amount': 5.0}
2023-10-11 17:47:23,144 - API - ERROR - Error with API function create deposit with error: The category ID field must be an integer, please try again!
2023-10-11 17:47:23,175 - API - INFO - Beginning API function create deposit with data: {'categoryId': 1, 'date': 7, 'description': 'test', 'amount': 5.0}
2023-10-11 17:47:23,175 - API - ERROR - Error with API function create deposit with error: The date field must be a string, please try again!
2023-10-11 17:47:23,207 - API - INFO - Beginning API function create deposit with data: {'categoryId': 1, 'date': '2023-10-07', 'description': 7, 'amount': 5.0}
2023-10-11 17:47:23,207 - API - ERROR - Error with API function create deposit with error: The description field must be a string, please try again!
2023-10-11 17:47:23,237 - API - INFO - Beginning API function create deposit with data: {'categoryId': 1, 'date': '', 'description': 'test', 'amount': 5.0}
2023-10-11 17:47:23,238 - API - ERROR - Error with API function create deposit with error: The date field cannot be left empty, please try again!
2023-10-11 17:47:23,268 - API - INFO - Beginning API function create deposit with data: {'categoryId': 1, 'date': '2023-10-07', 'description': '', 'amount': 5.0}
2023-10-11 17:47:23,268 - API - ERROR - Error with API function create deposit with error: The description field cannot be left empty, please try again!
2023-10-11 17:47:23,292 - API - INFO - Beginning API function create deposit with data: {'categoryId': 1, 'date': '2023-10-07', 'description': 'test', 'amount': -5.0}
2023-10-11 17:47:23,293 - API - ERROR - Error with API function create deposit with error: The amount field must be positive and cannot be 0.00, please try again!
2023-10-11 17:47:23,312 - API - INFO - Beginning API function create deposit with data: {'categoryId': -42796941, 'date': '2023-10-07', 'description': 'test', 'amount': 5.0}
2023-10-11 17:47:23,336 - API - ERROR - Error with API function create deposit with error: Category not found, please try again!
2023-10-11 17:47:23,361 - API - INFO - Beginning API function get all deposits
2023-10-11 17:47:23,417 - API - INFO - Finishing API function get all deposits with deposits: <generator object get_all_deposits.<locals>.<genexpr> at 0x10a101080>
2023-10-11 17:47:23,448 - API - INFO - Beginning API function update deposit with data: {'depositId': 1, 'categoryId': 1, 'date': '2021-11-06', 'description': 'updated', 'amount': 51.01}
2023-10-11 17:47:23,566 - API - INFO - Finishing API function update deposit with result: {'depositId': 1, 'categoryId': 1, 'date': '2021-11-06', 'description': 'updated', 'amount': 51.01}
2023-10-11 17:47:23,597 - API - INFO - Beginning API function update deposit with data: {'depositId': 1, 'categoryId': '1', 'date': '1997-9-27', 'description': 'updated description', 'amount': 50.0}
2023-10-11 17:47:23,598 - API - ERROR - Error with API function update deposit with error: The category ID field must be an integer, please try again!
2023-10-11 17:47:23,630 - API - INFO - Beginning API function update deposit with data: {'depositId': 1, 'categoryId': 1, 'date': 7578, 'description': 'updated description', 'amount': 50.0}
2023-10-11 17:47:23,630 - API - ERROR - Error with API function update deposit with error: The date field must be a string, please try again!
2023-10-11 17:47:23,670 - API - INFO - Beginning API function update deposit with data: {'depositId': 1, 'categoryId': 1, 'date': '', 'description': 'updated description', 'amount': 50.0}
2023-10-11 17:47:23,670 - API - ERROR - Error with API function update deposit with error: The date field cannot be left empty, please try again!
2023-10-11 17:47:23,704 - API - INFO - Beginning API function update deposit with data: {'depositId': 1, 'categoryId': 1, 'date': '1997-9-27', 'description': 68, 'amount': 50.0}
2023-10-11 17:47:23,704 - API - ERROR - Error with API function update deposit with error: The description field must be a string, please try again!
2023-10-11 17:47:23,728 - API - INFO - Beginning API function update deposit with data: {'depositId': 1, 'categoryId': 1, 'date': '1997-9-27', 'description': '', 'amount': 50.0}
2023-10-11 17:47:23,728 - API - ERROR - Error with API function update deposit with error: The description field cannot be left empty, please try again!
2023-10-11 17:47:23,748 - API - INFO - Beginning API function update deposit with data: {'depositId': 1, 'categoryId': 1, 'date': '1997-9-27', 'description': 'updated description', 'amount': '50.00'}
2023-10-11 17:47:23,749 - API - ERROR - Error with API function update deposit with error: The amount field must be a float, please try again!
2023-10-11 17:47:23,769 - API - INFO - Beginning API function update deposit with data: {'depositId': 1, 'categoryId': 1, 'date': '1997-9-27', 'description': 'updated description', 'amount': -0.0}
2023-10-11 17:47:23,770 - API - ERROR - Error with API function update deposit with error: The amount field must be positive and cannot be 0.00, please try again!
2023-10-11 17:47:23,803 - API - INFO - Beginning API function update deposit with data: {'depositId': 1, 'categoryId': -7465627978, 'date': '1997-9-27', 'description': 'updated description', 'amount': 50.0}
2023-10-11 17:47:23,917 - API - ERROR - Error with API function update deposit with error: Category not found, please try again!
2023-10-11 17:47:23,939 - API - INFO - Beginning API function update deposit with data: {'depositId': -6567845869783, 'categoryId': 1, 'date': '1997-9-27', 'description': 'updated description', 'amount': 50.0}
2023-10-11 17:47:24,028 - API - ERROR - Error with API function update deposit with error: Deposit not found, please try again!
2023-10-11 17:47:24,064 - API - INFO - Beginning API function delete deposit with deposit ID: 1
2023-10-11 17:47:24,147 - API - INFO - Finishing API function delete deposit
2023-10-11 17:47:24,171 - API - INFO - Beginning API function delete deposit with deposit ID: 
2023-10-11 17:47:24,171 - API - ERROR - Error with API function delete deposit with error: The deposit ID field must be an integer, please try again!
2023-10-11 17:47:24,194 - API - INFO - Beginning API function delete deposit with deposit ID: -7598462983
2023-10-11 17:47:24,216 - API - ERROR - Error with API function delete deposit with error: Deposit not found, please try again!
2023-10-11 17:47:24,237 - API - INFO - Beginning API function create expense with data: {'categoryId': 1, 'date': '2023-10-07', 'description': 'test', 'amount': 5.0}
2023-10-11 17:47:24,356 - API - INFO - Finishing API function create expense with result: {'expenseId': 1, 'categoryId': 1, 'date': '2023-10-07', 'description': 'test', 'amount': 5.0}
2023-10-11 17:47:24,382 - API - INFO - Beginning API function create expense with data: {'categoryId': '', 'date': '2023-10-07', 'description': 'test', 'amount': 5.0}
2023-10-11 17:47:24,382 - API - ERROR - Error with API function create expense with error: The category ID field must be an integer, please try again!
2023-10-11 17:47:24,403 - API - INFO - Beginning API function create expense with data: {'categoryId': 1, 'date': 2, 'description': 'test', 'amount': 5.0}
2023-10-11 17:47:24,403 - API - ERROR - Error with API function create expense with error: The date field must be a string, please try again!
2023-10-11 17:47:24,430 - API - INFO - Beginning API function create expense with data: {'categoryId': 1, 'date': '2023-10-07', 'description': 5, 'amount': 5.0}
2023-10-11 17:47:24,430 - API - ERROR - Error with API function create expense with error: The description field must be a string, please try again!
2023-10-11 17:47:24,454 - API - INFO - Beginning API function create expense with data: {'categoryId': 1, 'date': '', 'description': 'test', 'amount': 5.0}
2023-10-11 17:47:24,456 - API - ERROR - Error with API function create expense with error: The date field cannot be left empty, please try again!
2023-10-11 17:47:24,501 - API - INFO - Beginning API function create expense with data: {'categoryId': 1, 'date': '2023-10-07', 'description': '', 'amount': 5.0}
2023-10-11 17:47:24,501 - API - ERROR - Error with API function create expense with error: The description field cannot be left empty, please try again!
2023-10-11 17:47:24,553 - API - INFO - Beginning API function create expense with data: {'categoryId': 1, 'date': '2023-10-07', 'description': 'test', 'amount': -5.0}
2023-10-11 17:47:24,553 - API - ERROR - Error with API function create expense with error: The amount field must be positive and cannot be 0.00, please try again!
2023-10-11 17:47:24,581 - API - INFO - Beginning API function create expense with data: {'categoryId': -8654781, 'date': '2023-10-07', 'description': 'test', 'amount': 5.0}
2023-10-11 17:47:24,604 - API - ERROR - Error with API function create expense with error: Category not found, please try again!
2023-10-11 17:47:24,628 - API - INFO - Beginning API function get all expenses
2023-10-11 17:47:24,651 - API - INFO - Finishing API function get all expenses with expenses: <generator object get_all_expenses.<locals>.<genexpr> at 0x10a1012f0>
2023-10-11 17:47:24,678 - API - INFO - Beginning API function update expense with data: {'expenseId': 1, 'categoryId': 1, 'date': '2021-11-06', 'description': 'updated', 'amount': 51.01}
2023-10-11 17:47:24,828 - API - INFO - Finishing API function update expense with result: {'expenseId': 1, 'categoryId': 1, 'date': '2021-11-06', 'description': 'updated', 'amount': 51.01}
2023-10-11 17:47:24,851 - API - INFO - Beginning API function update expense with data: {'expenseId': 1, 'categoryId': '1', 'date': '2021-11-06', 'description': 'updated', 'amount': 51.01}
2023-10-11 17:47:24,851 - API - ERROR - Error with API function update expense with error: The category ID field must be an integer, please try again!
2023-10-11 17:47:24,875 - API - INFO - Beginning API function update expense with data: {'expenseId': 1, 'categoryId': 1, 'date': 3, 'description': 'updated', 'amount': 51.01}
2023-10-11 17:47:24,876 - API - ERROR - Error with API function update expense with error: The date field must be a string, please try again!
2023-10-11 17:47:24,908 - API - INFO - Beginning API function update expense with data: {'expenseId': 1, 'categoryId': 1, 'date': '2021-11-06', 'description': 6, 'amount': 51.01}
2023-10-11 17:47:24,909 - API - ERROR - Error with API function update expense with error: The description field must be a string, please try again!
2023-10-11 17:47:24,951 - API - INFO - Beginning API function update expense with data: {'expenseId': 1, 'categoryId': 1, 'date': '', 'description': 'updated', 'amount': 51.01}
2023-10-11 17:47:24,951 - API - ERROR - Error with API function update expense with error: The date field cannot be left empty, please try again!
2023-10-11 17:47:24,986 - API - INFO - Beginning API function update expense with data: {'expenseId': 1, 'categoryId': 1, 'date': '2021-11-06', 'description': '', 'amount': 51.01}
2023-10-11 17:47:24,986 - API - ERROR - Error with API function update expense with error: The description field cannot be left empty, please try again!
2023-10-11 17:47:25,010 - API - INFO - Beginning API function update expense with data: {'expenseId': 1, 'categoryId': 1, 'date': '2021-11-06', 'description': 'updated', 'amount': '51.01'}
2023-10-11 17:47:25,010 - API - ERROR - Error with API function update expense with error: The amount field must be a float, please try again!
2023-10-11 17:47:25,040 - API - INFO - Beginning API function update expense with data: {'expenseId': 1, 'categoryId': 1, 'date': '2021-11-06', 'description': 'updated', 'amount': -51.01}
2023-10-11 17:47:25,041 - API - ERROR - Error with API function update expense with error: The amount field must be positive and cannot be 0.00, please try again!
2023-10-11 17:47:25,065 - API - INFO - Beginning API function update expense with data: {'expenseId': 1, 'categoryId': -5734348031, 'date': '2021-11-06', 'description': 'updated', 'amount': 51.01}
2023-10-11 17:47:25,086 - API - ERROR - Error with API function update expense with error: Category not found, please try again!
2023-10-11 17:47:25,122 - API - INFO - Beginning API function update expense with data: {'expenseId': -75379481, 'categoryId': 1, 'date': '2021-11-06', 'description': 'updated', 'amount': 51.01}
2023-10-11 17:47:25,226 - API - ERROR - Error with API function update expense with error: Expense not found, please try again!
2023-10-11 17:47:25,247 - API - INFO - Beginning API function delete expense with expense ID: 1
2023-10-11 17:47:25,336 - API - INFO - Finishing API function delete expense
2023-10-11 17:47:25,374 - API - INFO - Beginning API function delete expense with expense ID: -737856942094
2023-10-11 17:47:25,374 - API - ERROR - Error with API function delete expense with error: The expense ID field must be an integer, please try again!
2023-10-11 17:47:25,410 - API - INFO - Beginning API function delete expense with expense ID: -737856942094
2023-10-11 17:47:25,441 - API - ERROR - Error with API function delete expense with error: Expense not found, please try again!
2023-10-11 17:47:25,461 - API - INFO - Beginning API function delete category with category ID: 1
2023-10-11 17:47:25,538 - API - INFO - Finishing API function delete category
